cn31
Fri Dec  3 20:07:39 2021       
+-----------------------------------------------------------------------------+
| NVIDIA-SMI 455.32.00    Driver Version: 455.32.00    CUDA Version: 11.1     |
|-------------------------------+----------------------+----------------------+
| GPU  Name        Persistence-M| Bus-Id        Disp.A | Volatile Uncorr. ECC |
| Fan  Temp  Perf  Pwr:Usage/Cap|         Memory-Usage | GPU-Util  Compute M. |
|                               |                      |               MIG M. |
|===============================+======================+======================|
|   0  Tesla K80           On   | 00000000:84:00.0 Off |                    0 |
| N/A   26C    P8    26W / 149W |      0MiB / 11441MiB |      0%      Default |
|                               |                      |                  N/A |
+-------------------------------+----------------------+----------------------+
                                                                               
+-----------------------------------------------------------------------------+
| Processes:                                                                  |
|  GPU   GI   CI        PID   Type   Process name                  GPU Memory |
|        ID   ID                                                   Usage      |
|=============================================================================|
|  No running processes found                                                 |
+-----------------------------------------------------------------------------+
----------------- Epsilon = 5.0 ----------------------------------------------------------\n
nvcc warning : The 'compute_35', 'compute_37', 'compute_50', 'sm_35', 'sm_37' and 'sm_50' architectures are deprecated, and may be removed in a future release (Use -Wno-deprecated-gpu-targets to suppress warning).

Size of dataset (MiB): 0.001526
Warming up GPU for time trialing...

tmp (changed to 555 on GPU): 555
Total blocks in the kernel: 1
Total number of data-points generated: 100
Number of points within epsilon: 100
Total time (s): 0.123670
Data Transfer (Host-to-Device) Time: 0.000024
Data Transfer (Device-to-Host) Time: 0.000286
Kernel execution time: 0.000007
nvcc warning : The 'compute_35', 'compute_37', 'compute_50', 'sm_35', 'sm_37' and 'sm_50' architectures are deprecated, and may be removed in a future release (Use -Wno-deprecated-gpu-targets to suppress warning).

Size of dataset (MiB): 0.001526
Warming up GPU for time trialing...

tmp (changed to 555 on GPU): 555
Total blocks in the kernel: 1
Total number of data-points generated: 100
Number of points within epsilon: 100
Total time (s): 0.111655
Data Transfer (Host-to-Device) Time: 0.000024
Data Transfer (Device-to-Host) Time: 0.000285
Kernel execution time: 0.000007
nvcc warning : The 'compute_35', 'compute_37', 'compute_50', 'sm_35', 'sm_37' and 'sm_50' architectures are deprecated, and may be removed in a future release (Use -Wno-deprecated-gpu-targets to suppress warning).

Size of dataset (MiB): 0.001526
Warming up GPU for time trialing...

tmp (changed to 555 on GPU): 555
Total blocks in the kernel: 1
Total number of data-points generated: 100
Number of points within epsilon: 100
Total time (s): 0.123056
Data Transfer (Host-to-Device) Time: 0.000024
Data Transfer (Device-to-Host) Time: 0.000284
Kernel execution time: 0.000007
----------------- Epsilon = 10.0 ----------------------------------------------------------\n
nvcc warning : The 'compute_35', 'compute_37', 'compute_50', 'sm_35', 'sm_37' and 'sm_50' architectures are deprecated, and may be removed in a future release (Use -Wno-deprecated-gpu-targets to suppress warning).

Size of dataset (MiB): 0.001526
Warming up GPU for time trialing...

tmp (changed to 555 on GPU): 555
Total blocks in the kernel: 1
Total number of data-points generated: 100
Number of points within epsilon: 100
Total time (s): 0.112576
Data Transfer (Host-to-Device) Time: 0.000024
Data Transfer (Device-to-Host) Time: 0.000282
Kernel execution time: 0.000007
nvcc warning : The 'compute_35', 'compute_37', 'compute_50', 'sm_35', 'sm_37' and 'sm_50' architectures are deprecated, and may be removed in a future release (Use -Wno-deprecated-gpu-targets to suppress warning).

Size of dataset (MiB): 0.001526
Warming up GPU for time trialing...

tmp (changed to 555 on GPU): 555
Total blocks in the kernel: 1
Total number of data-points generated: 100
Number of points within epsilon: 100
Total time (s): 0.123936
Data Transfer (Host-to-Device) Time: 0.000024
Data Transfer (Device-to-Host) Time: 0.000287
Kernel execution time: 0.000007
nvcc warning : The 'compute_35', 'compute_37', 'compute_50', 'sm_35', 'sm_37' and 'sm_50' architectures are deprecated, and may be removed in a future release (Use -Wno-deprecated-gpu-targets to suppress warning).

Size of dataset (MiB): 0.001526
Warming up GPU for time trialing...

tmp (changed to 555 on GPU): 555
Total blocks in the kernel: 1
Total number of data-points generated: 100
Number of points within epsilon: 100
Total time (s): 0.112009
Data Transfer (Host-to-Device) Time: 0.000024
Data Transfer (Device-to-Host) Time: 0.000285
Kernel execution time: 0.000007
